<?xml version='1.0' encoding='UTF-8'?>
<testsuite hostname="JPC" name="exercises.types.ClassesSpec" tests="1" errors="0" failures="0" skipped="0" time="0.031">
                     <properties>
[...]
</properties>
                     <testcase classname="exercises.types.ClassesSpec" name="Person should provide proper summary" time="0.031">
                                                 
                                               </testcase>
                     <system-out><![CDATA[]]></system-out>
                     <system-err><![CDATA[]]></system-err>
                   </testsuite>